app/build/intermediates/manifest_merge_blame_file/debug/manifest-merger-blame-debug-report.txt
1<?xml version="1.0" encoding="utf-8"?>
2<manifest xmlns:android="http://schemas.android.com/apk/res/android"
3    package="com.example.my_counter"
4    android:versionCode="1"
5    android:versionName="1.0" >
6
7    <uses-sdk
8        android:minSdkVersion="21"
8-->src\main\AndroidManifest.xml
9        android:targetSdkVersion="30" />
9-->src\main\AndroidManifest.xml
10
11    <application
11-->src\main\AndroidManifest.xml:5:5-29:19
12        android:allowBackup="true"
12-->src\main\AndroidManifest.xml:6:9-35
13        android:appComponentFactory="androidx.core.app.CoreComponentFactory"
13-->[androidx.core:core:1.3.1] AndroidManifest.xml:24:18-86
14        android:debuggable="true"
15        android:icon="@mipmap/ic_launcher"
15-->src\main\AndroidManifest.xml:7:9-43
16        android:label="@string/app_name"
16-->src\main\AndroidManifest.xml:8:9-41
17        android:roundIcon="@mipmap/ic_launcher_round"
17-->src\main\AndroidManifest.xml:9:9-54
18        android:supportsRtl="true"
18-->src\main\AndroidManifest.xml:10:9-35
19        android:theme="@style/Theme.My_counter" >
19-->src\main\AndroidManifest.xml:11:9-48
20        <activity
20-->src\main\AndroidManifest.xml:13:9-19:20
21            android:name="com.example.my_counter.IntentsPlaygroundActivity"
21-->src\main\AndroidManifest.xml:13:19-60
22            android:label="IntentPlayground" >
22-->src\main\AndroidManifest.xml:14:10-42
23            <intent-filter>
23-->src\main\AndroidManifest.xml:15:9-18:25
24                <action android:name="android.intent.action.MAIN" />
24-->src\main\AndroidManifest.xml:16:13-64
24-->src\main\AndroidManifest.xml:16:21-62
25
26                <category android:name="android.intent.category.LAUNCHER" />
26-->src\main\AndroidManifest.xml:17:9-68
26-->src\main\AndroidManifest.xml:17:19-66
27            </intent-filter>
28        </activity>
29        <activity
29-->src\main\AndroidManifest.xml:21:9-28:20
30            android:name="com.example.my_counter.MainActivity"
30-->src\main\AndroidManifest.xml:21:19-47
31            android:label="MainActivity" >
31-->src\main\AndroidManifest.xml:22:13-41
32            <intent-filter>
32-->src\main\AndroidManifest.xml:15:9-18:25
33                <action android:name="android.intent.action.MAIN" />
33-->src\main\AndroidManifest.xml:16:13-64
33-->src\main\AndroidManifest.xml:16:21-62
34
35                <category android:name="android.intent.category.LAUNCHER" />
35-->src\main\AndroidManifest.xml:17:9-68
35-->src\main\AndroidManifest.xml:17:19-66
36            </intent-filter>
37        </activity>
38    </application>
39
40</manifest>